<?xml version="1.0" encoding="UTF-8"?>
<!-- Generated by org.testng.reporters.JUnitReportReporter -->
<testsuite hostname="QUASPC1201" failures="0" tests="41" name="qa.mobile.SSQPadfrom200" time="2.386" errors="1" timestamp="2022-01-28T11:44:11 IST" skipped="40">
  <testcase classname="qa.mobile.SSQPadfrom200" name="testSetup" time="2.386">
    <error message="Connection refused: no further information
Build info: version: &#039;3.141.59&#039;, revision: &#039;e82be7d358&#039;, time: &#039;2018-11-14T08:17:03&#039;
System info: host: &#039;QUASPC1201&#039;, ip: &#039;192.168.1.201&#039;, os.name: &#039;Windows 10&#039;, os.arch: &#039;amd64&#039;, os.version: &#039;10.0&#039;, java.version: &#039;16.0.1&#039;
Driver info: driver.version: AndroidDriver" type="org.openqa.selenium.WebDriverException">
      <![CDATA[org.openqa.selenium.WebDriverException: Connection refused: no further information
Build info: version: '3.141.59', revision: 'e82be7d358', time: '2018-11-14T08:17:03'
System info: host: 'QUASPC1201', ip: '192.168.1.201', os.name: 'Windows 10', os.arch: 'amd64', os.version: '10.0', java.version: '16.0.1'
Driver info: driver.version: AndroidDriver
at io.appium.java_client.remote.AppiumCommandExecutor.lambda$6(AppiumCommandExecutor.java:262)
at java.base/java.util.Optional.orElseGet(Optional.java:364)
at io.appium.java_client.remote.AppiumCommandExecutor.execute(AppiumCommandExecutor.java:261)
at org.openqa.selenium.remote.RemoteWebDriver.execute(RemoteWebDriver.java:552)
at io.appium.java_client.DefaultGenericMobileDriver.execute(DefaultGenericMobileDriver.java:41)
at io.appium.java_client.AppiumDriver.execute(AppiumDriver.java:1)
at io.appium.java_client.android.AndroidDriver.execute(AndroidDriver.java:1)
at org.openqa.selenium.remote.RemoteWebDriver.startSession(RemoteWebDriver.java:213)
at io.appium.java_client.AppiumDriver.startSession(AppiumDriver.java:363)
at org.openqa.selenium.remote.RemoteWebDriver.<init>(RemoteWebDriver.java:131)
at io.appium.java_client.DefaultGenericMobileDriver.<init>(DefaultGenericMobileDriver.java:37)
at io.appium.java_client.AppiumDriver.<init>(AppiumDriver.java:89)
at io.appium.java_client.AppiumDriver.<init>(AppiumDriver.java:99)
at io.appium.java_client.android.AndroidDriver.<init>(AndroidDriver.java:97)
at qa.mobile.SSQPadfrom200.testSetup(SSQPadfrom200.java:45)
at java.base/jdk.internal.reflect.NativeMethodAccessorImpl.invoke0(Native Method)
at java.base/jdk.internal.reflect.NativeMethodAccessorImpl.invoke(NativeMethodAccessorImpl.java:78)
at java.base/jdk.internal.reflect.DelegatingMethodAccessorImpl.invoke(DelegatingMethodAccessorImpl.java:43)
at java.base/java.lang.reflect.Method.invoke(Method.java:567)
at org.testng.internal.MethodInvocationHelper.invokeMethod(MethodInvocationHelper.java:133)
at org.testng.internal.MethodInvocationHelper.invokeMethodConsideringTimeout(MethodInvocationHelper.java:62)
at org.testng.internal.ConfigInvoker.invokeConfigurationMethod(ConfigInvoker.java:385)
at org.testng.internal.ConfigInvoker.invokeConfigurations(ConfigInvoker.java:321)
at org.testng.internal.TestInvoker.runConfigMethods(TestInvoker.java:700)
at org.testng.internal.TestInvoker.invokeMethod(TestInvoker.java:527)
at org.testng.internal.TestInvoker.invokeTestMethod(TestInvoker.java:173)
at org.testng.internal.MethodRunner.runInSequence(MethodRunner.java:46)
at org.testng.internal.TestInvoker$MethodInvocationAgent.invoke(TestInvoker.java:824)
at org.testng.internal.TestInvoker.invokeTestMethods(TestInvoker.java:146)
at org.testng.internal.TestMethodWorker.invokeTestMethods(TestMethodWorker.java:146)
at org.testng.internal.TestMethodWorker.run(TestMethodWorker.java:128)
at java.base/java.util.ArrayList.forEach(ArrayList.java:1511)
at org.testng.TestRunner.privateRun(TestRunner.java:794)
at org.testng.TestRunner.run(TestRunner.java:596)
at org.testng.SuiteRunner.runTest(SuiteRunner.java:377)
at org.testng.SuiteRunner.runSequentially(SuiteRunner.java:371)
at org.testng.SuiteRunner.privateRun(SuiteRunner.java:332)
at org.testng.SuiteRunner.run(SuiteRunner.java:276)
at org.testng.SuiteRunnerWorker.runSuite(SuiteRunnerWorker.java:53)
at org.testng.SuiteRunnerWorker.run(SuiteRunnerWorker.java:96)
at org.testng.TestNG.runSuitesSequentially(TestNG.java:1212)
at org.testng.TestNG.runSuitesLocally(TestNG.java:1134)
at org.testng.TestNG.runSuites(TestNG.java:1063)
at org.testng.TestNG.run(TestNG.java:1031)
at org.testng.remote.AbstractRemoteTestNG.run(AbstractRemoteTestNG.java:115)
at org.testng.remote.RemoteTestNG.initAndRun(RemoteTestNG.java:251)
at org.testng.remote.RemoteTestNG.main(RemoteTestNG.java:77)
Caused by: java.net.ConnectException: Connection refused: no further information
at java.base/sun.nio.ch.Net.pollConnect(Native Method)
at java.base/sun.nio.ch.Net.pollConnectNow(Net.java:669)
at java.base/sun.nio.ch.NioSocketImpl.timedFinishConnect(NioSocketImpl.java:549)
at java.base/sun.nio.ch.NioSocketImpl.connect(NioSocketImpl.java:597)
at java.base/java.net.SocksSocketImpl.connect(SocksSocketImpl.java:333)
at java.base/java.net.Socket.connect(Socket.java:645)
at okhttp3.internal.platform.Platform.connectSocket(Platform.java:129)
at okhttp3.internal.connection.RealConnection.connectSocket(RealConnection.java:245)
at okhttp3.internal.connection.RealConnection.connect(RealConnection.java:165)
at okhttp3.internal.connection.StreamAllocation.findConnection(StreamAllocation.java:257)
at okhttp3.internal.connection.StreamAllocation.findHealthyConnection(StreamAllocation.java:135)
at okhttp3.internal.connection.StreamAllocation.newStream(StreamAllocation.java:114)
at okhttp3.internal.connection.ConnectInterceptor.intercept(ConnectInterceptor.java:42)
at okhttp3.internal.http.RealInterceptorChain.proceed(RealInterceptorChain.java:147)
at okhttp3.internal.http.RealInterceptorChain.proceed(RealInterceptorChain.java:121)
at okhttp3.internal.cache.CacheInterceptor.intercept(CacheInterceptor.java:93)
at okhttp3.internal.http.RealInterceptorChain.proceed(RealInterceptorChain.java:147)
at okhttp3.internal.http.RealInterceptorChain.proceed(RealInterceptorChain.java:121)
at okhttp3.internal.http.BridgeInterceptor.intercept(BridgeInterceptor.java:93)
at okhttp3.internal.http.RealInterceptorChain.proceed(RealInterceptorChain.java:147)
at okhttp3.internal.http.RetryAndFollowUpInterceptor.intercept(RetryAndFollowUpInterceptor.java:126)
at okhttp3.internal.http.RealInterceptorChain.proceed(RealInterceptorChain.java:147)
at okhttp3.internal.http.RealInterceptorChain.proceed(RealInterceptorChain.java:121)
at okhttp3.RealCall.getResponseWithInterceptorChain(RealCall.java:200)
at okhttp3.RealCall.execute(RealCall.java:77)
at org.openqa.selenium.remote.internal.OkHttpClient.execute(OkHttpClient.java:103)
at io.appium.java_client.remote.AppiumCommandExecutor.lambda$1(AppiumCommandExecutor.java:162)
at org.openqa.selenium.remote.ProtocolHandshake.createSession(ProtocolHandshake.java:105)
at java.base/jdk.internal.reflect.NativeMethodAccessorImpl.invoke0(Native Method)
at java.base/jdk.internal.reflect.NativeMethodAccessorImpl.invoke(NativeMethodAccessorImpl.java:78)
at java.base/jdk.internal.reflect.DelegatingMethodAccessorImpl.invoke(DelegatingMethodAccessorImpl.java:43)
at java.base/java.lang.reflect.Method.invoke(Method.java:567)
at io.appium.java_client.remote.AppiumCommandExecutor$1.createSession(AppiumCommandExecutor.java:193)
at io.appium.java_client.remote.AppiumCommandExecutor.createSession(AppiumCommandExecutor.java:225)
at io.appium.java_client.remote.AppiumCommandExecutor.execute(AppiumCommandExecutor.java:250)
... 44 more
]]>
    </error>
  </testcase> <!-- testSetup -->
  <system-out/>
  <testcase classname="qa.mobile.SSQPadfrom200" name="ssqpad203" time="0.000">
    <skipped/>
  </testcase> <!-- ssqpad203 -->
  <system-out/>
  <testcase classname="qa.mobile.SSQPadfrom200" name="ssqpad204" time="0.000">
    <skipped/>
  </testcase> <!-- ssqpad204 -->
  <system-out/>
  <testcase classname="qa.mobile.SSQPadfrom200" name="ssqpad205" time="0.000">
    <skipped/>
  </testcase> <!-- ssqpad205 -->
  <system-out/>
  <testcase classname="qa.mobile.SSQPadfrom200" name="ssqpad206" time="0.000">
    <skipped/>
  </testcase> <!-- ssqpad206 -->
  <system-out/>
  <testcase classname="qa.mobile.SSQPadfrom200" name="ssqpad207" time="0.000">
    <skipped/>
  </testcase> <!-- ssqpad207 -->
  <system-out/>
  <testcase classname="qa.mobile.SSQPadfrom200" name="ssqpad209" time="0.000">
    <skipped/>
  </testcase> <!-- ssqpad209 -->
  <system-out/>
  <testcase classname="qa.mobile.SSQPadfrom200" name="ssqpad210" time="0.000">
    <skipped/>
  </testcase> <!-- ssqpad210 -->
  <system-out/>
  <testcase classname="qa.mobile.SSQPadfrom200" name="ssqpad211" time="0.000">
    <skipped/>
  </testcase> <!-- ssqpad211 -->
  <system-out/>
  <testcase classname="qa.mobile.SSQPadfrom200" name="ssqpad212" time="0.000">
    <skipped/>
  </testcase> <!-- ssqpad212 -->
  <system-out/>
  <testcase classname="qa.mobile.SSQPadfrom200" name="ssqpad213" time="0.000">
    <skipped/>
  </testcase> <!-- ssqpad213 -->
  <system-out/>
  <testcase classname="qa.mobile.SSQPadfrom200" name="ssqpad214" time="0.000">
    <skipped/>
  </testcase> <!-- ssqpad214 -->
  <system-out/>
  <testcase classname="qa.mobile.SSQPadfrom200" name="ssqpad215" time="0.000">
    <skipped/>
  </testcase> <!-- ssqpad215 -->
  <system-out/>
  <testcase classname="qa.mobile.SSQPadfrom200" name="ssqpad216" time="0.000">
    <skipped/>
  </testcase> <!-- ssqpad216 -->
  <system-out/>
  <testcase classname="qa.mobile.SSQPadfrom200" name="ssqpad217" time="0.000">
    <skipped/>
  </testcase> <!-- ssqpad217 -->
  <system-out/>
  <testcase classname="qa.mobile.SSQPadfrom200" name="ssqpad218" time="0.000">
    <skipped/>
  </testcase> <!-- ssqpad218 -->
  <system-out/>
  <testcase classname="qa.mobile.SSQPadfrom200" name="ssqpad219" time="0.000">
    <skipped/>
  </testcase> <!-- ssqpad219 -->
  <system-out/>
  <testcase classname="qa.mobile.SSQPadfrom200" name="ssqpad220" time="0.000">
    <skipped/>
  </testcase> <!-- ssqpad220 -->
  <system-out/>
  <testcase classname="qa.mobile.SSQPadfrom200" name="ssqpad222" time="0.000">
    <skipped/>
  </testcase> <!-- ssqpad222 -->
  <system-out/>
  <testcase classname="qa.mobile.SSQPadfrom200" name="ssqpad223" time="0.000">
    <skipped/>
  </testcase> <!-- ssqpad223 -->
  <system-out/>
  <testcase classname="qa.mobile.SSQPadfrom200" name="ssqpad224" time="0.000">
    <skipped/>
  </testcase> <!-- ssqpad224 -->
  <system-out/>
  <testcase classname="qa.mobile.SSQPadfrom200" name="ssqpad225" time="0.000">
    <skipped/>
  </testcase> <!-- ssqpad225 -->
  <system-out/>
  <testcase classname="qa.mobile.SSQPadfrom200" name="ssqpad226" time="0.000">
    <skipped/>
  </testcase> <!-- ssqpad226 -->
  <system-out/>
  <testcase classname="qa.mobile.SSQPadfrom200" name="ssqpad227" time="0.000">
    <skipped/>
  </testcase> <!-- ssqpad227 -->
  <system-out/>
  <testcase classname="qa.mobile.SSQPadfrom200" name="ssqpad228" time="0.000">
    <skipped/>
  </testcase> <!-- ssqpad228 -->
  <system-out/>
  <testcase classname="qa.mobile.SSQPadfrom200" name="ssqpad229" time="0.000">
    <skipped/>
  </testcase> <!-- ssqpad229 -->
  <system-out/>
  <testcase classname="qa.mobile.SSQPadfrom200" name="ssqpad230" time="0.000">
    <skipped/>
  </testcase> <!-- ssqpad230 -->
  <system-out/>
  <testcase classname="qa.mobile.SSQPadfrom200" name="ssqpad231" time="0.000">
    <skipped/>
  </testcase> <!-- ssqpad231 -->
  <system-out/>
  <testcase classname="qa.mobile.SSQPadfrom200" name="ssqpad232" time="0.000">
    <skipped/>
  </testcase> <!-- ssqpad232 -->
  <system-out/>
  <testcase classname="qa.mobile.SSQPadfrom200" name="ssqpad233" time="0.000">
    <skipped/>
  </testcase> <!-- ssqpad233 -->
  <system-out/>
  <testcase classname="qa.mobile.SSQPadfrom200" name="ssqpad234" time="0.000">
    <skipped/>
  </testcase> <!-- ssqpad234 -->
  <system-out/>
  <testcase classname="qa.mobile.SSQPadfrom200" name="ssqpad235" time="0.000">
    <skipped/>
  </testcase> <!-- ssqpad235 -->
  <system-out/>
  <testcase classname="qa.mobile.SSQPadfrom200" name="ssqpad236" time="0.000">
    <skipped/>
  </testcase> <!-- ssqpad236 -->
  <system-out/>
  <testcase classname="qa.mobile.SSQPadfrom200" name="ssqpad237" time="0.000">
    <skipped/>
  </testcase> <!-- ssqpad237 -->
  <system-out/>
  <testcase classname="qa.mobile.SSQPadfrom200" name="ssqpad238" time="0.000">
    <skipped/>
  </testcase> <!-- ssqpad238 -->
  <system-out/>
  <testcase classname="qa.mobile.SSQPadfrom200" name="ssqpad239" time="0.000">
    <skipped/>
  </testcase> <!-- ssqpad239 -->
  <system-out/>
  <testcase classname="qa.mobile.SSQPadfrom200" name="ssqpad240" time="0.000">
    <skipped/>
  </testcase> <!-- ssqpad240 -->
  <system-out/>
  <testcase classname="qa.mobile.SSQPadfrom200" name="ssqpad241" time="0.000">
    <skipped/>
  </testcase> <!-- ssqpad241 -->
  <system-out/>
  <testcase classname="qa.mobile.SSQPadfrom200" name="ssqpad242" time="0.000">
    <skipped/>
  </testcase> <!-- ssqpad242 -->
  <system-out/>
  <testcase classname="qa.mobile.SSQPadfrom200" name="ssqpad243" time="0.000">
    <skipped/>
  </testcase> <!-- ssqpad243 -->
  <system-out/>
  <testcase classname="qa.mobile.SSQPadfrom200" name="ssqpad244" time="0.000">
    <skipped/>
  </testcase> <!-- ssqpad244 -->
  <system-out/>
</testsuite> <!-- qa.mobile.SSQPadfrom200 -->
