<?xml version="1.0" encoding="UTF-8"?>
<!-- Generated by org.testng.reporters.JUnitReportReporter -->
<testsuite hostname="QUASPC1201" failures="0" tests="12" name="qa.mobile.One" time="337.863" errors="0" timestamp="2022-01-03T16:01:41 IST" skipped="0">
  <testcase classname="qa.mobile.One" name="Click" time="2.000"/>
  <system-out/>
  <testcase classname="qa.mobile.One" name="Allow" time="7.521"/>
  <system-out/>
  <testcase classname="qa.mobile.One" name="Username" time="19.612"/>
  <system-out/>
  <testcase classname="qa.mobile.One" name="SignIn" time="23.351"/>
  <system-out/>
  <testcase classname="qa.mobile.One" name="Home" time="13.187"/>
  <system-out/>
  <testcase classname="qa.mobile.One" name="Project" time="24.830"/>
  <system-out/>
  <testcase classname="qa.mobile.One" name="Visiblitiy1" time="22.247"/>
  <system-out/>
  <testcase classname="qa.mobile.One" name="EDITMENU" time="68.054"/>
  <system-out/>
  <testcase classname="qa.mobile.One" name="Edit168" time="27.974"/>
  <system-out/>
  <testcase classname="qa.mobile.One" name="SettingMenu175" time="32.172"/>
  <system-out/>
  <testcase classname="qa.mobile.One" name="Report" time="63.760"/>
  <system-out/>
  <testcase classname="qa.mobile.One" name="Help176" time="33.155"/>
  <system-out/>
</testsuite> <!-- qa.mobile.One -->
